<?xml version="1.0" encoding="UTF-8"?>
<testsuite xmlns:xsi="http://www.w3.org/2001/XMLSchema-instance" xsi:noNamespaceSchemaLocation="https://maven.apache.org/surefire/maven-surefire-plugin/xsd/surefire-test-report.xsd" name="org.apache.maven.archetypes.maven_archetype_quickstart.AppTest" time="0.56" tests="1" errors="0" skipped="0" failures="0">
  <properties>
[...]
</properties>
  <testcase name="shouldAnswerWithTrue on shouldAnswerWithTrue(org.apache.maven.archetypes.maven_archetype_quickstart.AppTest)" classname="org.apache.maven.archetypes.maven_archetype_quickstart.AppTest" time="0.005"/>
</testsuite>