<?xml version="1.0" encoding="UTF-8"?>
<testng-results ignored="0" total="1" passed="1" failed="0" skipped="0">
  <reporter-output>
  </reporter-output>
  <suite started-at="2021-06-04T17:28:59Z" name="Surefire suite" finished-at="2021-06-04T17:28:59Z" duration-ms="133">
    <groups>
    </groups>
    <test started-at="2021-06-04T17:28:59Z" name="Surefire test" finished-at="2021-06-04T17:28:59Z" duration-ms="133">
      <class name="org.apache.maven.archetypes.maven_archetype_quickstart.AppTest">
        <test-method signature="shouldAnswerWithTrue()" started-at="2021-06-04T17:28:59Z" name="shouldAnswerWithTrue" finished-at="2021-06-04T17:28:59Z" duration-ms="52" status="PASS">
          <reporter-output>
          </reporter-output>
        </test-method> <!-- shouldAnswerWithTrue -->
      </class> <!-- org.apache.maven.archetypes.maven_archetype_quickstart.AppTest -->
    </test> <!-- Surefire test -->
  </suite> <!-- Surefire suite -->
</testng-results>
