<?xml version="1.0" encoding="UTF-8"?>
<!-- Generated by org.testng.reporters.JUnitXMLReporter -->
<testsuite ignored="0" hostname="kmaster" failures="0" tests="1" name="Surefire test" time="0.133" errors="0" timestamp="04 Jun 2021 17:28:59 GMT">
  <testcase classname="org.apache.maven.archetypes.maven_archetype_quickstart.AppTest" name="shouldAnswerWithTrue on shouldAnswerWithTrue(org.apache.maven.archetypes.maven_archetype_quickstart.AppTest)" time="0.052"/>
</testsuite> <!-- Surefire test -->
